<?xml version="1.0" encoding="UTF-8"?>
<testng-results ignored="0" total="1" passed="1" failed="0" skipped="0">
  <reporter-output>
  </reporter-output>
  <suite started-at="2023-10-31T14:59:06 IST" name="Default suite" finished-at="2023-10-31T14:59:53 IST" duration-ms="46899">
    <groups>
    </groups>
    <test started-at="2023-10-31T14:59:06 IST" name="Default test" finished-at="2023-10-31T14:59:53 IST" duration-ms="46899">
      <class name="com.assessment.Comprehensive.MyBooking">
        <test-method signature="flightBooking()[pri:0, instance:com.assessment.Comprehensive.MyBooking@4686afc2]" started-at="2023-10-31T14:59:06 IST" name="flightBooking" finished-at="2023-10-31T14:59:53 IST" duration-ms="46845" status="PASS">
          <reporter-output>
          </reporter-output>
        </test-method> <!-- flightBooking -->
      </class> <!-- com.assessment.Comprehensive.MyBooking -->
    </test> <!-- Default test -->
  </suite> <!-- Default suite -->
</testng-results>
