<?xml version="1.0" encoding="UTF-8"?>
<testng-results ignored="0" total="1" passed="1" failed="0" skipped="0">
  <reporter-output>
  </reporter-output>
  <suite started-at="2024-05-19T00:16:57 IST" name="Suite" finished-at="2024-05-19T00:17:50 IST" duration-ms="53046">
    <groups>
    </groups>
    <test started-at="2024-05-19T00:16:57 IST" name="Test" finished-at="2024-05-19T00:17:50 IST" duration-ms="53046">
      <class name="SDET_TestNG.MakeMyTrip">
        <test-method is-config="true" signature="flightTickets()[pri:0, instance:SDET_TestNG.MakeMyTrip@1f2586d6]" started-at="2024-05-19T00:16:57 IST" name="flightTickets" finished-at="2024-05-19T00:17:14 IST" duration-ms="17408" status="PASS">
          <reporter-output>
          </reporter-output>
        </test-method> <!-- flightTickets -->
        <test-method signature="bookingFlights()[pri:0, instance:SDET_TestNG.MakeMyTrip@1f2586d6]" started-at="2024-05-19T00:17:14 IST" name="bookingFlights" finished-at="2024-05-19T00:17:49 IST" duration-ms="35102" status="PASS">
          <reporter-output>
          </reporter-output>
        </test-method> <!-- bookingFlights -->
        <test-method is-config="true" signature="tearDown()[pri:0, instance:SDET_TestNG.MakeMyTrip@1f2586d6]" started-at="2024-05-19T00:17:49 IST" name="tearDown" finished-at="2024-05-19T00:17:50 IST" duration-ms="454" status="PASS">
          <reporter-output>
          </reporter-output>
        </test-method> <!-- tearDown -->
      </class> <!-- SDET_TestNG.MakeMyTrip -->
    </test> <!-- Test -->
  </suite> <!-- Suite -->
</testng-results>
