<?xml version="1.0" encoding="UTF-8"?>
<testng-results ignored="0" total="2" passed="2" failed="0" skipped="0">
  <reporter-output>
  </reporter-output>
  <suite started-at="2024-05-19T14:25:11 IST" name="Suite" finished-at="2024-05-19T14:26:34 IST" duration-ms="83177">
    <groups>
    </groups>
    <test started-at="2024-05-19T14:25:11 IST" name="Test" finished-at="2024-05-19T14:26:34 IST" duration-ms="83177">
      <class name="Maven.ReadExcelData">
        <test-method signature="Data()[pri:0, instance:Maven.ReadExcelData@c267ef4]" started-at="2024-05-19T14:26:32 IST" name="Data" finished-at="2024-05-19T14:26:34 IST" duration-ms="1604" status="PASS">
          <reporter-output>
          </reporter-output>
        </test-method> <!-- Data -->
      </class> <!-- Maven.ReadExcelData -->
      <class name="Maven.MakeMyTrip">
        <test-method is-config="true" signature="myTrip()[pri:0, instance:Maven.MakeMyTrip@1d119efb]" started-at="2024-05-19T14:25:11 IST" name="myTrip" finished-at="2024-05-19T14:25:22 IST" duration-ms="10966" status="PASS">
          <reporter-output>
          </reporter-output>
        </test-method> <!-- myTrip -->
        <test-method signature="bookingfights()[pri:0, instance:Maven.MakeMyTrip@1d119efb]" started-at="2024-05-19T14:25:22 IST" name="bookingfights" finished-at="2024-05-19T14:26:32 IST" duration-ms="69939" status="PASS">
          <reporter-output>
          </reporter-output>
        </test-method> <!-- bookingfights -->
        <test-method is-config="true" signature="tearDown()[pri:0, instance:Maven.MakeMyTrip@1d119efb]" started-at="2024-05-19T14:26:32 IST" name="tearDown" finished-at="2024-05-19T14:26:32 IST" duration-ms="602" status="PASS">
          <reporter-output>
          </reporter-output>
        </test-method> <!-- tearDown -->
      </class> <!-- Maven.MakeMyTrip -->
    </test> <!-- Test -->
  </suite> <!-- Suite -->
</testng-results>
