<?xml version="1.0" encoding="UTF-8"?>
<testsuite xmlns:xsi="http://www.w3.org/2001/XMLSchema-instance" xsi:noNamespaceSchemaLocation="https://maven.apache.org/surefire/maven-surefire-plugin/xsd/surefire-test-report-3.0.xsd" version="3.0" name="TestSuite" time="83.945" tests="2" errors="0" skipped="0" failures="0">
  <properties>
[...]
</properties>
  <testcase name="bookingfights" classname="Maven.MakeMyTrip" time="69.946">
    <system-out><![CDATA[The Search page is displayed as expected
]]></system-out>
    <system-err><![CDATA[SLF4J(W): No SLF4J providers were found.
SLF4J(W): Defaulting to no-operation (NOP) logger implementation
SLF4J(W): See https://www.slf4j.org/codes.html#noProviders for further details.
]]></system-err>
  </testcase>
  <testcase name="Data" classname="Maven.ReadExcelData" time="1.622">
    <system-out><![CDATA[EMP No   EMP Name   EMP Designation   EMP Salary   EMP Department   
101.0   keerthana   Doctor   5500000.0   ABC   
102.0   Praneetha   Engineer   6500000.0   CDV   
103.0   Kalyaani   Lawyer   7800000.0   nbv   
   
]]></system-out>
    <system-err><![CDATA[ERROR StatusLogger Log4j2 could not find a logging implementation. Please add log4j-core to the classpath. Using SimpleLogger to log to the console...
]]></system-err>
  </testcase>
</testsuite>