<?xml version="1.0" encoding="UTF-8"?>
<!-- Generated by org.testng.reporters.JUnitReportReporter -->
<testsuite hostname="DESKTOP-CKEME0T" failures="0" tests="1" name="runner.Runner" time="396.535" errors="1" timestamp="2024-05-19T21:23:40 IST" skipped="0">
  <testcase classname="runner.Runner" name="runScenario" time="396.535">
    <error message="no such window: target window already closed
from unknown error: web view not found
  (Session info: MicrosoftEdge=125.0.2535.51)
Build info: version: &#039;4.14.1&#039;, revision: &#039;03f8ede370&#039;
System info: os.name: &#039;Windows 10&#039;, os.arch: &#039;amd64&#039;, os.version: &#039;10.0&#039;, java.version: &#039;20&#039;
Driver info: org.openqa.selenium.edge.EdgeDriver
Command: [5c6eebf759ce25840816c1e34608be80, get {url=https://www.makemytrip.com/}]
Capabilities {acceptInsecureCerts: false, browserName: MicrosoftEdge, browserVersion: 125.0.2535.51, fedcm:accounts: true, ms:edgeOptions: {debuggerAddress: localhost:54712}, msedge: {msedgedriverVersion: 124.0.2477.0 (59779f1ef85a6..., userDataDir: C:\Users\lenovo\AppData\Loc...}, networkConnectionEnabled: false, pageLoadStrategy: normal, platformName: windows, proxy: Proxy(), se:cdp: ws://localhost:54712/devtoo..., se:cdpVersion: 125.0.2535.51, setWindowRect: true, strictFileInteractability: false, timeouts: {implicit: 0, pageLoad: 300000, script: 30000}, unhandledPromptBehavior: dismiss and notify, webauthn:extension:credBlob: true, webauthn:extension:largeBlob: true, webauthn:extension:minPinLength: true, webauthn:extension:prf: true, webauthn:virtualAuthenticators: true}
Session ID: 5c6eebf759ce25840816c1e34608be80" type="org.openqa.selenium.NoSuchWindowException">
      <![CDATA[org.openqa.selenium.NoSuchWindowException: no such window: target window already closed
from unknown error: web view not found
  (Session info: MicrosoftEdge=125.0.2535.51)
Build info: version: '4.14.1', revision: '03f8ede370'
System info: os.name: 'Windows 10', os.arch: 'amd64', os.version: '10.0', java.version: '20'
Driver info: org.openqa.selenium.edge.EdgeDriver
Command: [5c6eebf759ce25840816c1e34608be80, get {url=https://www.makemytrip.com/}]
Capabilities {acceptInsecureCerts: false, browserName: MicrosoftEdge, browserVersion: 125.0.2535.51, fedcm:accounts: true, ms:edgeOptions: {debuggerAddress: localhost:54712}, msedge: {msedgedriverVersion: 124.0.2477.0 (59779f1ef85a6..., userDataDir: C:\Users\lenovo\AppData\Loc...}, networkConnectionEnabled: false, pageLoadStrategy: normal, platformName: windows, proxy: Proxy(), se:cdp: ws://localhost:54712/devtoo..., se:cdpVersion: 125.0.2535.51, setWindowRect: true, strictFileInteractability: false, timeouts: {implicit: 0, pageLoad: 300000, script: 30000}, unhandledPromptBehavior: dismiss and notify, webauthn:extension:credBlob: true, webauthn:extension:largeBlob: true, webauthn:extension:minPinLength: true, webauthn:extension:prf: true, webauthn:virtualAuthenticators: true}
Session ID: 5c6eebf759ce25840816c1e34608be80
at java.base/jdk.internal.reflect.DirectConstructorHandleAccessor.newInstance(DirectConstructorHandleAccessor.java:67)
at java.base/java.lang.reflect.Constructor.newInstanceWithCaller(Constructor.java:500)
at java.base/java.lang.reflect.Constructor.newInstance(Constructor.java:484)
at org.openqa.selenium.remote.codec.w3c.W3CHttpResponseCodec.createException(W3CHttpResponseCodec.java:200)
at org.openqa.selenium.remote.codec.w3c.W3CHttpResponseCodec.decode(W3CHttpResponseCodec.java:133)
at org.openqa.selenium.remote.codec.w3c.W3CHttpResponseCodec.decode(W3CHttpResponseCodec.java:52)
at org.openqa.selenium.remote.HttpCommandExecutor.execute(HttpCommandExecutor.java:191)
at org.openqa.selenium.remote.service.DriverCommandExecutor.invokeExecute(DriverCommandExecutor.java:200)
at org.openqa.selenium.remote.service.DriverCommandExecutor.execute(DriverCommandExecutor.java:175)
at org.openqa.selenium.remote.RemoteWebDriver.execute(RemoteWebDriver.java:602)
at org.openqa.selenium.remote.RemoteWebDriver.get(RemoteWebDriver.java:304)
at stepDefenitions.MakeMyTrip.User_enter_into_the_make_my_trip_page(MakeMyTrip.java:34)
at ✽.User enter into the MakeMyTrip page(file:///C:/Users/lenovo/eclipse-workspace/Cucumber_SDET/src/test/java/features/Login.feature:6)
]]>
    </error>
  </testcase> <!-- runScenario -->
</testsuite> <!-- runner.Runner -->
